This file contains any messages produced by compilers while
running configure, to aid debugging if configure makes a mistake.

It was created by libvirt-php configure 0.4.8, which was
generated by GNU Autoconf 2.68.  Invocation command line was

  $ ./configure 

## --------- ##
## Platform. ##
## --------- ##

hostname = s79780
uname -m = x86_64
uname -r = 3.19.0-59-generic
uname -s = Linux
uname -v = #66-Ubuntu SMP Thu May 12 22:35:27 UTC 2016

/usr/bin/uname -p = unknown
/bin/uname -X     = unknown

/bin/arch              = unknown
/usr/bin/arch -k       = unknown
/usr/convex/getsysinfo = unknown
/usr/bin/hostinfo      = unknown
/bin/machine           = unknown
/usr/bin/oslevel       = unknown
/bin/universe          = unknown

PATH: /usr/local/sbin
PATH: /usr/local/bin
PATH: /usr/sbin
PATH: /usr/bin
PATH: /sbin
PATH: /bin
PATH: /usr/games
PATH: /usr/local/games


## ----------- ##
## Core tests. ##
## ----------- ##

configure:1867: checking for a BSD-compatible install
configure:1935: result: /usr/bin/install -c
configure:1946: checking whether build environment is sane
configure:1996: result: yes
configure:2137: checking for a thread-safe mkdir -p
configure:2176: result: /bin/mkdir -p
configure:2189: checking for gawk
configure:2205: found /usr/bin/gawk
configure:2216: result: gawk
configure:2227: checking whether make sets $(MAKE)
configure:2249: result: yes
configure:2394: checking whether to enable maintainer-specific portions of Makefiles
configure:2403: result: yes
configure:2465: checking for gcc
configure:2481: found /usr/bin/gcc
configure:2492: result: gcc
configure:2721: checking for C compiler version
configure:2730: gcc --version >&5
gcc (Ubuntu 4.9.2-10ubuntu13) 4.9.2
Copyright (C) 2014 Free Software Foundation, Inc.
This is free software; see the source for copying conditions.  There is NO
warranty; not even for MERCHANTABILITY or FITNESS FOR A PARTICULAR PURPOSE.

configure:2741: $? = 0
configure:2730: gcc -v >&5
Using built-in specs.
COLLECT_GCC=gcc
COLLECT_LTO_WRAPPER=/usr/lib/gcc/x86_64-linux-gnu/4.9/lto-wrapper
Target: x86_64-linux-gnu
Configured with: ../src/configure -v --with-pkgversion='Ubuntu 4.9.2-10ubuntu13' --with-bugurl=file:///usr/share/doc/gcc-4.9/README.Bugs --enable-languages=c,c++,java,go,d,fortran,objc,obj-c++ --prefix=/usr --program-suffix=-4.9 --enable-shared --enable-linker-build-id --libexecdir=/usr/lib --without-included-gettext --enable-threads=posix --with-gxx-include-dir=/usr/include/c++/4.9 --libdir=/usr/lib --enable-nls --with-sysroot=/ --enable-clocale=gnu --enable-libstdcxx-debug --enable-libstdcxx-time=yes --enable-gnu-unique-object --disable-vtable-verify --enable-plugin --with-system-zlib --disable-browser-plugin --enable-java-awt=gtk --enable-gtk-cairo --with-java-home=/usr/lib/jvm/java-1.5.0-gcj-4.9-amd64/jre --enable-java-home --with-jvm-root-dir=/usr/lib/jvm/java-1.5.0-gcj-4.9-amd64 --with-jvm-jar-dir=/usr/lib/jvm-exports/java-1.5.0-gcj-4.9-amd64 --with-arch-directory=amd64 --with-ecj-jar=/usr/share/java/eclipse-ecj.jar --enable-objc-gc --enable-multiarch --disable-werror --with-arch-32=i686 --with-abi=m64 --with-multilib-list=m32,m64,mx32 --enable-multilib --with-tune=generic --enable-checking=release --build=x86_64-linux-gnu --host=x86_64-linux-gnu --target=x86_64-linux-gnu
Thread model: posix
gcc version 4.9.2 (Ubuntu 4.9.2-10ubuntu13) 
configure:2741: $? = 0
configure:2730: gcc -V >&5
gcc: error: unrecognized command line option '-V'
gcc: fatal error: no input files
compilation terminated.
configure:2741: $? = 4
configure:2730: gcc -qversion >&5
gcc: error: unrecognized command line option '-qversion'
gcc: fatal error: no input files
compilation terminated.
configure:2741: $? = 4
configure:2761: checking whether the C compiler works
configure:2783: gcc    conftest.c  >&5
configure:2787: $? = 0
configure:2835: result: yes
configure:2838: checking for C compiler default output file name
configure:2840: result: a.out
configure:2846: checking for suffix of executables
configure:2853: gcc -o conftest    conftest.c  >&5
configure:2857: $? = 0
configure:2879: result: 
configure:2901: checking whether we are cross compiling
configure:2909: gcc -o conftest    conftest.c  >&5
configure:2913: $? = 0
configure:2920: ./conftest
configure:2924: $? = 0
configure:2939: result: no
configure:2944: checking for suffix of object files
configure:2966: gcc -c   conftest.c >&5
configure:2970: $? = 0
configure:2991: result: o
configure:2995: checking whether we are using the GNU C compiler
configure:3014: gcc -c   conftest.c >&5
configure:3014: $? = 0
configure:3023: result: yes
configure:3032: checking whether gcc accepts -g
configure:3052: gcc -c -g  conftest.c >&5
configure:3052: $? = 0
configure:3093: result: yes
configure:3110: checking for gcc option to accept ISO C89
configure:3174: gcc  -c -g -O2  conftest.c >&5
configure:3174: $? = 0
configure:3187: result: none needed
configure:3218: checking for style of include used by make
configure:3246: result: GNU
configure:3272: checking dependency style of gcc
configure:3383: result: none
configure:3400: checking dependency style of gcc
configure:3511: result: none
configure:3533: checking for a sed that does not truncate output
configure:3597: result: /bin/sed
configure:3606: checking for gawk
configure:3633: result: gawk
configure:3687: checking for echo
configure:3703: found /bin/echo
configure:3714: result: echo
configure:3779: checking for rm
configure:3795: found /bin/rm
configure:3806: result: rm
configure:3882: checking for pkg-config
configure:3900: found /usr/bin/pkg-config
configure:3912: result: /usr/bin/pkg-config
configure:3937: checking pkg-config is at least version 0.9.0
configure:3940: result: yes
configure:3952: checking for LIBVIRT
configure:3959: $PKG_CONFIG --exists --print-errors "libvirt >= $LIBVIRT_REQUIRED"
configure:3962: $? = 0
configure:3975: $PKG_CONFIG --exists --print-errors "libvirt >= $LIBVIRT_REQUIRED"
configure:3978: $? = 0
configure:4037: result: yes
configure:4062: checking for LIBXML
configure:4069: $PKG_CONFIG --exists --print-errors "libxml-2.0 >= $LIBXML_REQUIRED"
configure:4072: $? = 0
configure:4085: $PKG_CONFIG --exists --print-errors "libxml-2.0 >= $LIBXML_REQUIRED"
configure:4088: $? = 0
configure:4125: result: yes
configure:4188: checking for xsltproc
configure:4206: found /usr/bin/xsltproc
configure:4219: result: /usr/bin/xsltproc
configure:4233: checking for xmllint
configure:4251: found /usr/bin/xmllint
configure:4264: result: /usr/bin/xmllint
configure:4278: checking for xmlcatalog
configure:4296: found /usr/bin/xmlcatalog
configure:4309: result: /usr/bin/xmlcatalog
configure:4357: checking for php-config
configure:4375: found /usr/bin/php-config
configure:4388: result: /usr/bin/php-config
configure:4404: checking for phpize
configure:4422: found /usr/bin/phpize
configure:4435: result: /usr/bin/phpize
configure:4609: creating ./config.status

## ---------------------- ##
## Running config.status. ##
## ---------------------- ##

This file was extended by libvirt-php config.status 0.4.8, which was
generated by GNU Autoconf 2.68.  Invocation command line was

  CONFIG_FILES    = 
  CONFIG_HEADERS  = 
  CONFIG_LINKS    = 
  CONFIG_COMMANDS = 
  $ ./config.status 

on s79780

config.status:879: creating Makefile
config.status:879: creating tools/Makefile
config.status:879: creating src/Makefile
config.status:879: creating tests/Makefile
config.status:879: creating docs/Makefile
config.status:879: creating libvirt-php.spec
config.status:879: creating config.h
config.status:1060: config.h is unchanged
config.status:1108: executing depfiles commands

## ---------------- ##
## Cache variables. ##
## ---------------- ##

ac_cv_c_compiler_gnu=yes
ac_cv_env_CC_set=
ac_cv_env_CC_value=
ac_cv_env_CFLAGS_set=
ac_cv_env_CFLAGS_value=
ac_cv_env_CPPFLAGS_set=
ac_cv_env_CPPFLAGS_value=
ac_cv_env_LDFLAGS_set=
ac_cv_env_LDFLAGS_value=
ac_cv_env_LIBS_set=
ac_cv_env_LIBS_value=
ac_cv_env_LIBVIRT_CFLAGS_set=
ac_cv_env_LIBVIRT_CFLAGS_value=
ac_cv_env_LIBVIRT_LIBS_set=
ac_cv_env_LIBVIRT_LIBS_value=
ac_cv_env_LIBXML_CFLAGS_set=
ac_cv_env_LIBXML_CFLAGS_value=
ac_cv_env_LIBXML_LIBS_set=
ac_cv_env_LIBXML_LIBS_value=
ac_cv_env_PKG_CONFIG_LIBDIR_set=
ac_cv_env_PKG_CONFIG_LIBDIR_value=
ac_cv_env_PKG_CONFIG_PATH_set=
ac_cv_env_PKG_CONFIG_PATH_value=
ac_cv_env_PKG_CONFIG_set=
ac_cv_env_PKG_CONFIG_value=
ac_cv_env_build_alias_set=
ac_cv_env_build_alias_value=
ac_cv_env_host_alias_set=
ac_cv_env_host_alias_value=
ac_cv_env_target_alias_set=
ac_cv_env_target_alias_value=
ac_cv_objext=o
ac_cv_path_PHPCONFIG=/usr/bin/php-config
ac_cv_path_PHPIZE=/usr/bin/phpize
ac_cv_path_SED=/bin/sed
ac_cv_path_XMLCATALOG=/usr/bin/xmlcatalog
ac_cv_path_XMLLINT=/usr/bin/xmllint
ac_cv_path_XSLTPROC=/usr/bin/xsltproc
ac_cv_path_ac_pt_PKG_CONFIG=/usr/bin/pkg-config
ac_cv_path_install='/usr/bin/install -c'
ac_cv_path_mkdir=/bin/mkdir
ac_cv_prog_AWK=gawk
ac_cv_prog_ac_ct_CC=gcc
ac_cv_prog_ac_ct_ECHO=echo
ac_cv_prog_ac_ct_RM=rm
ac_cv_prog_cc_c89=
ac_cv_prog_cc_g=yes
ac_cv_prog_make_make_set=yes
am_cv_CC_dependencies_compiler_type=none
pkg_cv_LIBVIRT_CFLAGS=
pkg_cv_LIBVIRT_LIBS='-lvirt '
pkg_cv_LIBXML_CFLAGS='-I/usr/include/libxml2 '
pkg_cv_LIBXML_LIBS='-lxml2 '

## ----------------- ##
## Output variables. ##
## ----------------- ##

ACLOCAL='${SHELL} /var/www/html/code/workspace/OpenVirt/bin/libvirt-php-0.4.8/missing --run aclocal-1.11'
AMDEPBACKSLASH='\'
AMDEP_FALSE='#'
AMDEP_TRUE=''
AMTAR='$${TAR-tar}'
AUTOCONF='${SHELL} /var/www/html/code/workspace/OpenVirt/bin/libvirt-php-0.4.8/missing --run autoconf'
AUTOHEADER='${SHELL} /var/www/html/code/workspace/OpenVirt/bin/libvirt-php-0.4.8/missing --run autoheader'
AUTOMAKE='${SHELL} /var/www/html/code/workspace/OpenVirt/bin/libvirt-php-0.4.8/missing --run automake-1.11'
AWK='gawk'
CC='gcc'
CCDEPMODE='depmode=none'
CFLAGS='-g -O2'
CPPFLAGS=''
CYGPATH_W='echo'
DEFS='-DHAVE_CONFIG_H'
DEPDIR='.deps'
ECHO='echo'
ECHO_C=''
ECHO_N='-n'
ECHO_T=''
EXEEXT=''
HTML_DIR='$(datadir)/doc/$(PACKAGE)-$(VERSION)/html'
INSTALL_DATA='${INSTALL} -m 644'
INSTALL_PROGRAM='${INSTALL}'
INSTALL_SCRIPT='${INSTALL}'
INSTALL_STRIP_PROGRAM='$(install_sh) -c -s'
LDFLAGS=''
LIBOBJS=''
LIBS=''
LIBVIRT_CFLAGS=''
LIBVIRT_LIBS='-lvirt '
LIBXML_CFLAGS='-I/usr/include/libxml2 '
LIBXML_LIBS='-lxml2 '
LTLIBOBJS=''
MAINT=''
MAINTAINER_MODE_FALSE='#'
MAINTAINER_MODE_TRUE=''
MAKEINFO='${SHELL} /var/www/html/code/workspace/OpenVirt/bin/libvirt-php-0.4.8/missing --run makeinfo'
MKDIR_P='/bin/mkdir -p'
OBJEXT='o'
PACKAGE='libvirt-php'
PACKAGE_BUGREPORT='http://libvirt.org'
PACKAGE_NAME='libvirt-php'
PACKAGE_STRING='libvirt-php 0.4.8'
PACKAGE_TARNAME='libvirt-php'
PACKAGE_URL=''
PACKAGE_VERSION='0.4.8'
PATH_SEPARATOR=':'
PHPCONFIG='/usr/bin/php-config'
PHPIZE='/usr/bin/phpize'
PKG_CONFIG='/usr/bin/pkg-config'
PKG_CONFIG_LIBDIR=''
PKG_CONFIG_PATH=''
RM='rm'
SED='/bin/sed'
SET_MAKE=''
SHELL='/bin/bash'
SHLIB_FLAGS='-shared -rdynamic'
STRIP=''
VERSION='0.4.8'
WL=''
XMLCATALOG='/usr/bin/xmlcatalog'
XMLLINT='/usr/bin/xmllint'
XML_CATALOG_FILE='/etc/xml/catalog'
XSLTPROC='/usr/bin/xsltproc'
ac_ct_CC='gcc'
am__EXEEXT_FALSE=''
am__EXEEXT_TRUE='#'
am__fastdepCC_FALSE=''
am__fastdepCC_TRUE='#'
am__include='include'
am__isrc=''
am__leading_dot='.'
am__nodep='_no'
am__quote=''
am__tar='$${TAR-tar} chof - "$$tardir"'
am__untar='$${TAR-tar} xf -'
bindir='${exec_prefix}/bin'
build_alias=''
datadir='${datarootdir}'
datarootdir='${prefix}/share'
docdir='${datarootdir}/doc/${PACKAGE_TARNAME}'
dvidir='${docdir}'
exec_prefix='${prefix}'
host_alias=''
htmldir='${docdir}'
includedir='${prefix}/include'
infodir='${datarootdir}/info'
install_sh='${SHELL} /var/www/html/code/workspace/OpenVirt/bin/libvirt-php-0.4.8/install-sh'
libdir='${exec_prefix}/lib'
libexecdir='${exec_prefix}/libexec'
localedir='${datarootdir}/locale'
localstatedir='${prefix}/var'
mandir='${datarootdir}/man'
mkdir_p='/bin/mkdir -p'
oldincludedir='/usr/include'
pdfdir='${docdir}'
prefix='/usr/local'
program_transform_name='s,x,x,'
psdir='${docdir}'
sbindir='${exec_prefix}/sbin'
sharedstatedir='${prefix}/com'
sysconfdir='${prefix}/etc'
target_alias=''

## ----------- ##
## confdefs.h. ##
## ----------- ##

/* confdefs.h */
#define PACKAGE_NAME "libvirt-php"
#define PACKAGE_TARNAME "libvirt-php"
#define PACKAGE_VERSION "0.4.8"
#define PACKAGE_STRING "libvirt-php 0.4.8"
#define PACKAGE_BUGREPORT "http://libvirt.org"
#define PACKAGE_URL ""
#define PACKAGE "libvirt-php"
#define VERSION "0.4.8"
#define PACKAGE "libvirt-php"
#define VERSION "0.4.8"
#define VERSION_MAJOR 0
#define VERSION_MINOR 4
#define VERSION_MICRO 8

configure: exit 0
